  compilation object save succeeded; see C:\Users\caiot\OneDrive - Full Sail University\Documents\GFX2Repo\Tavares_Caio_GFX2\DX3D_1908\DX3D_1908\GeometryShader.cso
  compilation object save succeeded; see C:\Users\caiot\OneDrive - Full Sail University\Documents\GFX2Repo\Tavares_Caio_GFX2\DX3D_1908\DX3D_1908\PixelShader.cso
  compilation object save succeeded; see C:\Users\caiot\OneDrive - Full Sail University\Documents\GFX2Repo\Tavares_Caio_GFX2\DX3D_1908\DX3D_1908\PixelShaderSkyBox.cso
  compilation object save succeeded; see C:\Users\caiot\OneDrive - Full Sail University\Documents\GFX2Repo\Tavares_Caio_GFX2\DX3D_1908\DX3D_1908\VertexShader.cso
  compilation object save succeeded; see C:\Users\caiot\OneDrive - Full Sail University\Documents\GFX2Repo\Tavares_Caio_GFX2\DX3D_1908\DX3D_1908\VertexShaderSkybox.cso
  DDSTextureLoader.cpp
  Graphics.cpp
  ToolBox.cpp
  WinMain.cpp
C:\Users\caiot\OneDrive - Full Sail University\Documents\GFX2Repo\Tavares_Caio_GFX2\DX3D_1908\DX3D_1908\Graphics.h(161,84): warning C4244:  'argument': conversion from 'UINT' to 'float', possible loss of data (compiling source file WinMain.cpp)
C:\Users\caiot\OneDrive - Full Sail University\Documents\GFX2Repo\Tavares_Caio_GFX2\DX3D_1908\DX3D_1908\Graphics.h(162,84): warning C4244:  'argument': conversion from 'UINT' to 'float', possible loss of data (compiling source file WinMain.cpp)
C:\Users\caiot\OneDrive - Full Sail University\Documents\GFX2Repo\Tavares_Caio_GFX2\DX3D_1908\DX3D_1908\Graphics.h(163,62): warning C4244:  'argument': conversion from 'UINT' to 'float', possible loss of data (compiling source file WinMain.cpp)
C:\Users\caiot\OneDrive - Full Sail University\Documents\GFX2Repo\Tavares_Caio_GFX2\DX3D_1908\DX3D_1908\Graphics.h(163,51): warning C4244:  'argument': conversion from 'UINT' to 'float', possible loss of data (compiling source file WinMain.cpp)
C:\Users\caiot\OneDrive - Full Sail University\Documents\GFX2Repo\Tavares_Caio_GFX2\DX3D_1908\DX3D_1908\Graphics.h(161,84): warning C4244:  'argument': conversion from 'UINT' to 'float', possible loss of data (compiling source file Graphics.cpp)
C:\Users\caiot\OneDrive - Full Sail University\Documents\GFX2Repo\Tavares_Caio_GFX2\DX3D_1908\DX3D_1908\Graphics.h(162,84): warning C4244:  'argument': conversion from 'UINT' to 'float', possible loss of data (compiling source file Graphics.cpp)
C:\Users\caiot\OneDrive - Full Sail University\Documents\GFX2Repo\Tavares_Caio_GFX2\DX3D_1908\DX3D_1908\Graphics.h(163,62): warning C4244:  'argument': conversion from 'UINT' to 'float', possible loss of data (compiling source file Graphics.cpp)
C:\Users\caiot\OneDrive - Full Sail University\Documents\GFX2Repo\Tavares_Caio_GFX2\DX3D_1908\DX3D_1908\Graphics.h(163,51): warning C4244:  'argument': conversion from 'UINT' to 'float', possible loss of data (compiling source file Graphics.cpp)
C:\Users\caiot\OneDrive - Full Sail University\Documents\GFX2Repo\Tavares_Caio_GFX2\DX3D_1908\DX3D_1908\WinMain.cpp(180,87): warning C4244:  'argument': conversion from 'UINT' to 'float', possible loss of data
C:\Users\caiot\OneDrive - Full Sail University\Documents\GFX2Repo\Tavares_Caio_GFX2\DX3D_1908\DX3D_1908\WinMain.cpp(187,87): warning C4244:  'argument': conversion from 'UINT' to 'float', possible loss of data
C:\Users\caiot\OneDrive - Full Sail University\Documents\GFX2Repo\Tavares_Caio_GFX2\DX3D_1908\DX3D_1908\WinMain.cpp(197,87): warning C4244:  'argument': conversion from 'UINT' to 'float', possible loss of data
C:\Users\caiot\OneDrive - Full Sail University\Documents\GFX2Repo\Tavares_Caio_GFX2\DX3D_1908\DX3D_1908\Graphics.cpp(986,20): warning C4244:  '=': conversion from 'UINT' to 'FLOAT', possible loss of data
C:\Users\caiot\OneDrive - Full Sail University\Documents\GFX2Repo\Tavares_Caio_GFX2\DX3D_1908\DX3D_1908\Graphics.cpp(994,20): warning C4244:  '=': conversion from 'UINT' to 'FLOAT', possible loss of data
  DX3D_1908.vcxproj -> C:\Users\caiot\OneDrive - Full Sail University\Documents\GFX2Repo\Tavares_Caio_GFX2\DX3D_1908\Debug\DX3D_1908.exe
